<?xml version="1.0" encoding="UTF-8"?>
<!-- Generated by org.testng.reporters.JUnitReportReporter -->
<testsuite hostname="Cherry-Prem" failures="0" tests="1" name="Parameterization.DataProvider_ExcelSheet" time="10.067" errors="0" timestamp="2025-05-24T00:50:42 IST" skipped="0">
  <testcase classname="Parameterization.DataProvider_ExcelSheet" name="testLogin" time="10.067"/>
</testsuite> <!-- Parameterization.DataProvider_ExcelSheet -->
