<?xml version="1.0" encoding="UTF-8"?>
<!-- Generated by org.testng.reporters.JUnitReportReporter -->
<testsuite hostname="Cherry-Prem" failures="0" tests="1" name="Annotations.Test.Before_After_Test_3" time="0.001" errors="0" timestamp="2025-05-23T12:51:51 IST" skipped="0">
  <testcase classname="Annotations.Test.Before_After_Test_3" name="search" time="0.001"/>
</testsuite> <!-- Annotations.Test.Before_After_Test_3 -->
