<?xml version="1.0" encoding="UTF-8"?>
<!-- Generated by org.testng.reporters.JUnitReportReporter -->
<testsuite hostname="Cherry-Prem" failures="0" tests="1" name="Annotations.Method.Before_After_Method_2" time="0.001" errors="0" timestamp="2025-05-23T11:32:38 IST" skipped="0">
  <testcase classname="Annotations.Method.Before_After_Method_2" name="search" time="0.001"/>
</testsuite> <!-- Annotations.Method.Before_After_Method_2 -->
