<?xml version="1.0" encoding="UTF-8"?>
<!-- Generated by org.testng.reporters.JUnitReportReporter -->
<testsuite hostname="Cherry-Prem" failures="0" tests="3" name="Grouping.Login_Tests" time="0.002" errors="0" timestamp="2025-05-23T20:15:04 IST" skipped="0">
  <testcase classname="Grouping.Login_Tests" name="phonenumber" time="0.000"/>
  <testcase classname="Grouping.Login_Tests" name="email" time="0.001"/>
  <testcase classname="Grouping.Login_Tests" name="username" time="0.001"/>
</testsuite> <!-- Grouping.Login_Tests -->
