<?xml version="1.0" encoding="UTF-8"?>
<!-- Generated by org.testng.reporters.JUnitReportReporter -->
<testsuite hostname="Cherry-Prem" failures="0" tests="3" name="Annotations.Before_After_Method" time="0.019" errors="0" timestamp="2025-05-23T00:42:31 IST" skipped="0">
  <testcase classname="Annotations.Before_After_Method" name="login" time="0.008"/>
  <testcase classname="Annotations.Before_After_Method" name="search" time="0.009"/>
  <testcase classname="Annotations.Before_After_Method" name="logout" time="0.002"/>
</testsuite> <!-- Annotations.Before_After_Method -->
