<?xml version="1.0" encoding="UTF-8"?>
<!-- Generated by org.testng.reporters.JUnitReportReporter -->
<testsuite hostname="Cherry-Prem" failures="0" tests="5" name="Test_Method_Operatins.Always_Run" time="0.012" errors="0" timestamp="2025-05-23T19:46:03 IST" skipped="0">
  <testcase classname="Test_Method_Operatins.Always_Run" name="login" time="0.008"/>
  <testcase classname="Test_Method_Operatins.Always_Run" name="profile" time="0.001"/>
  <testcase classname="Test_Method_Operatins.Always_Run" name="search" time="0.001"/>
  <testcase classname="Test_Method_Operatins.Always_Run" name="apply" time="0.001"/>
  <testcase classname="Test_Method_Operatins.Always_Run" name="logout" time="0.001"/>
</testsuite> <!-- Test_Method_Operatins.Always_Run -->
