<?xml version="1.0" encoding="UTF-8"?>
<!-- Generated by org.testng.reporters.JUnitReportReporter -->
<testsuite hostname="Cherry-Prem" failures="0" tests="2" name="Parameterization.XMLFile.CrossBrowsing_Parallel" time="33.156" errors="0" timestamp="2025-05-24T09:50:58 IST" skipped="0">
  <testcase classname="Parameterization.XMLFile.CrossBrowsing_Parallel" name="testLogin" time="16.382"/>
  <testcase classname="Parameterization.XMLFile.CrossBrowsing_Parallel" name="testLogin" time="16.774"/>
</testsuite> <!-- Parameterization.XMLFile.CrossBrowsing_Parallel -->
