<?xml version="1.0" encoding="UTF-8"?>
<!-- Generated by org.testng.reporters.JUnitReportReporter -->
<testsuite hostname="Cherry-Prem" failures="0" tests="5" name="Test_Method_Operatins.Ignoring_TestCase" time="0.010" errors="0" timestamp="2025-05-23T19:49:10 IST" skipped="1">
  <testcase classname="Test_Method_Operatins.Ignoring_TestCase" name="login" time="0.008"/>
  <testcase classname="Test_Method_Operatins.Ignoring_TestCase" name="profile" time="0.001"/>
  <testcase classname="Test_Method_Operatins.Ignoring_TestCase" name="search" time="0.000"/>
  <testcase classname="Test_Method_Operatins.Ignoring_TestCase" name="logout" time="0.001"/>
  <testcase classname="Test_Method_Operatins.Ignoring_TestCase" name="apply">
    <skipped/>
  </testcase> <!-- apply -->
</testsuite> <!-- Test_Method_Operatins.Ignoring_TestCase -->
