<?xml version="1.0" encoding="UTF-8"?>
<!-- Generated by org.testng.reporters.JUnitReportReporter -->
<testsuite hostname="Cherry-Prem" failures="0" tests="1" name="Annotations.Class.Before_After_Class_1" time="0.006" errors="0" timestamp="2025-05-23T12:10:00 IST" skipped="0">
  <testcase classname="Annotations.Class.Before_After_Class_1" name="login" time="0.006"/>
</testsuite> <!-- Annotations.Class.Before_After_Class_1 -->
