<?xml version="1.0" encoding="UTF-8"?>
<!-- Generated by org.testng.reporters.JUnitReportReporter -->
<testsuite hostname="Cherry-Prem" failures="0" tests="3" name="Annotations.Before_After_Class" time="0.018" errors="0" timestamp="2025-05-23T00:48:41 IST" skipped="0">
  <testcase classname="Annotations.Before_After_Class" name="login" time="0.014"/>
  <testcase classname="Annotations.Before_After_Class" name="search" time="0.002"/>
  <testcase classname="Annotations.Before_After_Class" name="logout" time="0.002"/>
</testsuite> <!-- Annotations.Before_After_Class -->
