<?xml version="1.0" encoding="UTF-8"?>
<!-- Generated by org.testng.reporters.JUnitReportReporter -->
<testsuite hostname="Cherry-Prem" failures="0" tests="1" name="Parameterization.XMLFile.XML_ParameterPassing" time="10.380" errors="0" timestamp="2025-05-24T08:27:09 IST" skipped="0">
  <testcase classname="Parameterization.XMLFile.XML_ParameterPassing" name="testlogin" time="10.380"/>
</testsuite> <!-- Parameterization.XMLFile.XML_ParameterPassing -->
