<?xml version="1.0" encoding="UTF-8"?>
<!-- Generated by org.testng.reporters.JUnitReportReporter -->
<testsuite hostname="Cherry-Prem" failures="0" tests="4" name="TestNg_FirstDay.OrangeHRM_TestNG" time="14.052" errors="0" timestamp="2025-05-22T17:26:56 IST" skipped="0">
  <testcase classname="TestNg_FirstDay.OrangeHRM_TestNG" name="openApp" time="5.860"/>
  <testcase classname="TestNg_FirstDay.OrangeHRM_TestNG" name="loginApp" time="4.038"/>
  <testcase classname="TestNg_FirstDay.OrangeHRM_TestNG" name="checkLogo" time="4.016"/>
  <testcase classname="TestNg_FirstDay.OrangeHRM_TestNG" name="closeApp" time="0.138"/>
</testsuite> <!-- TestNg_FirstDay.OrangeHRM_TestNG -->
