<?xml version="1.0" encoding="UTF-8"?>
<!-- Generated by org.testng.reporters.JUnitReportReporter -->
<testsuite hostname="Cherry-Prem" failures="0" tests="1" name="Assertions.Soft_Assertion" time="0.009" errors="0" timestamp="2025-05-23T00:34:43 IST" skipped="0">
  <testcase classname="Assertions.Soft_Assertion" name="test" time="0.009"/>
</testsuite> <!-- Assertions.Soft_Assertion -->
