<?xml version="1.0" encoding="UTF-8"?>
<!-- Generated by org.testng.reporters.JUnitReportReporter -->
<testsuite hostname="Cherry-Prem" failures="0" tests="4" name="Annotations.Test_Priority.OrangeHRM_TestNG" time="8.349" errors="0" timestamp="2025-05-23T15:26:22 IST" skipped="0">
  <testcase classname="Annotations.Test_Priority.OrangeHRM_TestNG" name="openApp" time="4.350"/>
  <testcase classname="Annotations.Test_Priority.OrangeHRM_TestNG" name="loginApp" time="3.839"/>
  <testcase classname="Annotations.Test_Priority.OrangeHRM_TestNG" name="checkLogo" time="0.026"/>
  <testcase classname="Annotations.Test_Priority.OrangeHRM_TestNG" name="closeApp" time="0.134"/>
</testsuite> <!-- Annotations.Test_Priority.OrangeHRM_TestNG -->
