<?xml version="1.0" encoding="UTF-8"?>
<!-- Generated by org.testng.reporters.JUnitReportReporter -->
<testsuite hostname="Cherry-Prem" failures="0" tests="1" name="Grouping.Job_Search" time="0.010" errors="0" timestamp="2025-05-23T20:15:04 IST" skipped="0">
  <testcase classname="Grouping.Job_Search" name="clicking" time="0.010"/>
</testsuite> <!-- Grouping.Job_Search -->
