<?xml version="1.0" encoding="UTF-8"?>
<!-- Generated by org.testng.reporters.JUnitReportReporter -->
<testsuite hostname="Cherry-Prem" failures="0" tests="1" name="PageObjectClasses.LoginTest" time="7.512" errors="0" timestamp="2025-05-25T02:12:00 IST" skipped="0">
  <testcase classname="PageObjectClasses.LoginTest" name="logintoAppl" time="7.512"/>
</testsuite> <!-- PageObjectClasses.LoginTest -->
