<?xml version="1.0" encoding="UTF-8"?>
<!-- Generated by org.testng.reporters.JUnitReportReporter -->
<testsuite hostname="Cherry-Prem" failures="0" tests="1" name="PageObjectClasses.LogoutTest" time="11.180" errors="0" timestamp="2025-05-25T02:12:00 IST" skipped="0">
  <testcase classname="PageObjectClasses.LogoutTest" name="logoutfromAppl" time="11.180"/>
</testsuite> <!-- PageObjectClasses.LogoutTest -->
