<?xml version="1.0" encoding="UTF-8"?>
<!-- Generated by org.testng.reporters.JUnitReportReporter -->
<testsuite hostname="Cherry-Prem" failures="0" tests="1" name="Annotations.Test.Before_After_Test_1" time="0.004" errors="0" timestamp="2025-05-23T20:16:59 IST" skipped="0">
  <testcase classname="Annotations.Test.Before_After_Test_1" name="login" time="0.004"/>
</testsuite> <!-- Annotations.Test.Before_After_Test_1 -->
