<?xml version="1.0" encoding="UTF-8"?>
<!-- Generated by org.testng.reporters.JUnitReportReporter -->
<testsuite hostname="Cherry-Prem" failures="0" tests="1" name="Annotations.Before_After_Test_2" time="0.001" errors="0" timestamp="2025-05-23T10:03:06 IST" skipped="0">
  <testcase classname="Annotations.Before_After_Test_2" name="search" time="0.001"/>
</testsuite> <!-- Annotations.Before_After_Test_2 -->
