<?xml version="1.0" encoding="UTF-8"?>
<!-- Generated by org.testng.reporters.JUnitReportReporter -->
<testsuite hostname="Cherry-Prem" failures="0" tests="1" name="Assertions.Hard_Assertion" time="0.014" errors="0" timestamp="2025-05-23T00:24:56 IST" skipped="0">
  <testcase classname="Assertions.Hard_Assertion" name="Assertion" time="0.014"/>
</testsuite> <!-- Assertions.Hard_Assertion -->
