<?xml version="1.0" encoding="UTF-8"?>
<!-- Generated by org.testng.reporters.JUnitReportReporter -->
<testsuite hostname="Cherry-Prem" failures="0" tests="2" name="Annotations.Method.Before_After_Method_1" time="0.011" errors="0" timestamp="2025-05-23T11:32:38 IST" skipped="0">
  <testcase classname="Annotations.Method.Before_After_Method_1" name="logout" time="0.009"/>
  <testcase classname="Annotations.Method.Before_After_Method_1" name="login" time="0.002"/>
</testsuite> <!-- Annotations.Method.Before_After_Method_1 -->
