<?xml version="1.0" encoding="UTF-8"?>
<!-- Generated by org.testng.reporters.JUnitReportReporter -->
<testsuite hostname="Cherry-Prem" failures="0" tests="1" name="Annotations.Suite.Before_After_Suite_3" time="0.001" errors="0" timestamp="2025-05-23T13:47:56 IST" skipped="0">
  <testcase classname="Annotations.Suite.Before_After_Suite_3" name="logout" time="0.001"/>
</testsuite> <!-- Annotations.Suite.Before_After_Suite_3 -->
