<?xml version="1.0" encoding="UTF-8"?>
<!-- Generated by org.testng.reporters.JUnitReportReporter -->
<testsuite hostname="Cherry-Prem" failures="0" tests="2" name="Annotations.Before_After_Test_1" time="0.016" errors="0" timestamp="2025-05-23T11:21:37 IST" skipped="0">
  <testcase classname="Annotations.Before_After_Test_1" name="login" time="0.009"/>
  <testcase classname="Annotations.Before_After_Test_1" name="logout" time="0.007"/>
</testsuite> <!-- Annotations.Before_After_Test_1 -->
